<?xml version="1.0" encoding="UTF-8"?>
<!-- Generated by org.testng.reporters.JUnitXMLReporter -->
<testsuite hostname="LAPTOP-DPHADP50" name="Test" tests="2" failures="0" timestamp="9 Sep 2021 12:06:57 GMT" time="0.035" errors="0">
  <testcase name="sample1" time="0.01" classname="com.tcs.delta.billing.Launch">
    <skipped/>
  </testcase> <!-- sample1 -->
  <testcase name="sample2" time="0.0" classname="com.tcs.delta.billing.Launch">
    <skipped/>
  </testcase> <!-- sample2 -->
</testsuite> <!-- Test -->
