<?xml version="1.0" encoding="UTF-8"?>
<!-- Generated by org.testng.reporters.JUnitXMLReporter -->
<testsuite hostname="LAPTOP-DPHADP50" name="Default test" tests="2" failures="0" timestamp="9 Sep 2021 11:59:24 GMT" time="0.077" errors="0">
  <testcase name="sample1" time="0.013" classname="com.tcs.delta.billing.Launch">
    <skipped/>
  </testcase> <!-- sample1 -->
  <testcase name="sample2" time="0.002" classname="com.tcs.delta.billing.Launch">
    <skipped/>
  </testcase> <!-- sample2 -->
</testsuite> <!-- Default test -->
